/*
 *  Copyright (c) 2012 The WebRTC project authors. All Rights Reserved.
 *
 *  Use of this source code is governed by a BSD-style license
 *  that can be found in the LICENSE file in the root of the source
 *  tree. An additional intellectual property rights grant can be found
 *  in the file PATENTS.  All contributing project authors may
 *  be found in the AUTHORS file in the root of the source tree.
 */

#ifndef WEBRTC_VIDEO_VIDEO_CAPTURE_INPUT_H_
#define WEBRTC_VIDEO_VIDEO_CAPTURE_INPUT_H_

#include <memory>
#include <vector>

#include "webrtc/base/criticalsection.h"
#include "webrtc/base/event.h"
#include "webrtc/base/platform_thread.h"
#include "webrtc/base/thread_annotations.h"
#include "webrtc/common_types.h"
#include "webrtc/engine_configurations.h"
#include "webrtc/modules/video_capture/video_capture.h"
#include "webrtc/modules/video_coding/include/video_codec_interface.h"
#include "webrtc/modules/video_coding/incl